<?xml version="1.0" encoding="UTF-8"?>
<!-- Generated by org.testng.reporters.JUnitXMLReporter -->
<testsuite ignored="2" hostname="DESKTOP-KIS4N2E" failures="0" tests="1" name="Test(failed)(failed)" time="0.032" errors="0" timestamp="2022-07-26T18:33:19 IST">
  <testcase classname="testNGXMLStudy.testXML1" name="b" time="0.006"/>
  <testcase classname="testNGXMLStudy.testXML1" name="c" time="0.0">
    <ignored/>
  </testcase> <!-- c -->
  <testcase classname="testNGXMLStudy.testXML1" name="a" time="0.0">
    <ignored/>
  </testcase> <!-- a -->
</testsuite> <!-- Test(failed)(failed) -->
