<?xml version="1.0" encoding="UTF-8"?>
<!-- Generated by org.testng.reporters.JUnitXMLReporter -->
<testsuite ignored="0" hostname="DESKTOP-KIS4N2E" failures="2" tests="6" name="Test" time="0.061" errors="0" timestamp="2022-08-04T18:28:47 IST">
  <testcase classname="TestNGlistener.DemoClass2" name="myMethod4" time="0.008"/>
  <testcase classname="TestNGlistener.DemoClass2" name="myMethod5" time="0.003">
    <failure type="java.lang.AssertionError" message="null">
      <![CDATA[java.lang.AssertionError: null
at TestNGlistener.DemoClass2.myMethod5(DemoClass2.java:19)
at java.base/java.util.ArrayList.forEach(ArrayList.java:1541)
... Removed 29 stack frames]]>
    </failure>
  </testcase> <!-- myMethod5 -->
  <testcase classname="TestNGlistener.DemoClass2" name="myMethod6" time="0.0">
    <skipped/>
  </testcase> <!-- myMethod6 -->
  <testcase classname="TestNGlistener.DemoClass" name="myMethod1" time="0.0"/>
  <testcase classname="TestNGlistener.DemoClass" name="myMethod2" time="0.001">
    <failure type="java.lang.AssertionError" message="null">
      <![CDATA[java.lang.AssertionError: null
at TestNGlistener.DemoClass.myMethod2(DemoClass.java:19)
at java.base/java.util.ArrayList.forEach(ArrayList.java:1541)
... Removed 29 stack frames]]>
    </failure>
  </testcase> <!-- myMethod2 -->
  <testcase classname="TestNGlistener.DemoClass" name="myMethod3" time="0.0">
    <skipped/>
  </testcase> <!-- myMethod3 -->
</testsuite> <!-- Test -->
