<?xml version="1.0" encoding="UTF-8"?>
<!-- Generated by org.testng.reporters.JUnitXMLReporter -->
<testsuite ignored="4" hostname="DESKTOP-KIS4N2E" failures="1" tests="2" name="Test(failed)" time="0.039" errors="0" timestamp="2022-07-26T18:30:17 IST">
  <testcase classname="testNGXMLStudy.testXML2" name="f" time="0.007"/>
  <testcase classname="testNGXMLStudy.testXML1" name="b" time="0.002">
    <failure type="java.lang.AssertionError" message="null">
      <![CDATA[java.lang.AssertionError: null
at testNGXMLStudy.testXML1.b(testXML1.java:16)
at java.base/java.util.ArrayList.forEach(ArrayList.java:1541)
... Removed 29 stack frames]]>
    </failure>
  </testcase> <!-- b -->
  <testcase classname="testNGXMLStudy.testXML1" name="c" time="0.0">
    <ignored/>
  </testcase> <!-- c -->
  <testcase classname="testNGXMLStudy.testXML2" name="d" time="0.0">
    <ignored/>
  </testcase> <!-- d -->
  <testcase classname="testNGXMLStudy.testXML1" name="a" time="0.0">
    <ignored/>
  </testcase> <!-- a -->
  <testcase classname="testNGXMLStudy.testXML2" name="e" time="0.0">
    <ignored/>
  </testcase> <!-- e -->
</testsuite> <!-- Test(failed) -->
